This is pdfTeX, Version 3.14159265-2.6-1.40.20 (TeX Live 2019) (preloaded format=pdftex 2019.6.4)  5 JUN 2019 14:07
entering extended mode
 restricted \write18 enabled.
 %&-line parsing enabled.
**indes
(./index.tex
! Undefined control sequence.
l.1 \hypertarget
                {index_Flowchart}{}\section{Flowchart}\label{index_Flowchart}
? 
! Missing $ inserted.
<inserted text> 
                $
<to be read again> 
                   _
l.1 \hypertarget{index_
                       Flowchart}{}\section{Flowchart}\label{index_Flowchart}
? 
! Extra }, or forgotten $.
l.1 \hypertarget{index_Flowchart}
                                 {}\section{Flowchart}\label{index_Flowchart}
? 
! Undefined control sequence.
l.1 \hypertarget{index_Flowchart}{}\section
                                           {Flowchart}\label{index_Flowchart}
? 
! Undefined control sequence.
l.1 ...index_Flowchart}{}\section{Flowchart}\label
                                                  {index_Flowchart}
? 
! Missing $ inserted.
<inserted text> 
                $
<to be read again> 
                   \par 
l.2 
    
? 
)
*
(Please type a command or say `\end')
*
(Please type a command or say `\end')
*
(Please type a command or say `\end')
*
(Please type a command or say `\end')
*
(Please type a command or say `\end')
*
(Please type a command or say `\end')
*
(Please type a command or say `\end')
*
(Please type a command or say `\end')
*
(Please type a command or say `\end')
*
(Please type a command or say `\end')
*
(Please type a command or say `\end')
*q

*\end
[1{/usr/local/texlive/2019/texmf-var/fonts/map/pdftex/updmap/pdftex.map}]
(\end occurred inside a group at level 1)

### simple group (level 1) entered at line 1 ({)
### bottom level</usr/local/texlive/2019/texmf-dist/fonts/type1/public/amsfonts
/cm/cmmi10.pfb></usr/local/texlive/2019/texmf-dist/fonts/type1/public/amsfonts/
cm/cmmi7.pfb></usr/local/texlive/2019/texmf-dist/fonts/type1/public/amsfonts/cm
/cmr10.pfb>
Output written on index.pdf (1 page, 29022 bytes).
PDF statistics:
 20 PDF objects out of 1000 (max. 8388607)
 13 compressed objects within 1 object stream
 0 named destinations out of 1000 (max. 500000)
 1 words of extra memory for PDF output out of 10000 (max. 10000000)

